[debug] [2021-02-20T14:58:50.866Z] ----------------------------------------------------------------------
[debug] [2021-02-20T14:58:50.868Z] Command:       /usr/local/Cellar/node/15.4.0/bin/node /usr/local/bin/firebase emulators:start --only functions
[debug] [2021-02-20T14:58:50.868Z] CLI Version:   8.0.1
[debug] [2021-02-20T14:58:50.868Z] Platform:      darwin
[debug] [2021-02-20T14:58:50.868Z] Node Version:  v15.4.0
[debug] [2021-02-20T14:58:50.870Z] Time:          Sat Feb 20 2021 09:58:50 GMT-0500 (Eastern Standard Time)
[debug] [2021-02-20T14:58:50.871Z] ----------------------------------------------------------------------
[debug] [2021-02-20T14:58:50.871Z] 
[debug] [2021-02-20T14:58:50.883Z] > command requires scopes: ["email","openid","https://www.googleapis.com/auth/cloudplatformprojects.readonly","https://www.googleapis.com/auth/firebase","https://www.googleapis.com/auth/cloud-platform"]
[debug] [2021-02-20T14:58:50.883Z] > authorizing via signed-in user
[info] i  emulators: Starting emulators: functions
[debug] [2021-02-20T14:58:50.937Z] [hub] writing locator at /var/folders/wk/z8b7lbvn4bv0tdlq8sqjbf2w0000gn/T/hub-servantlitedev.json
[info] ✔  hub: emulator hub started at http://localhost:4400
[warn] ⚠  Your requested "node" version "8" doesn't match your global version "15"
[info] ✔  functions: functions emulator started at http://localhost:5001
[info] i  functions: Watching "/Users/steventurner/letter-writing/functions" for Cloud Functions...
[debug] [2021-02-20T14:58:50.992Z] [worker-pool] addWorker(~diagnostic~) 
[debug] [2021-02-20T14:58:50.994Z] [worker-pool] Adding worker with key ~diagnostic~, total=1 
[debug] [2021-02-20T14:58:50.994Z] [worker-pool] submitWork(triggerId=) 
[debug] [2021-02-20T14:58:50.995Z] [worker-~diagnostic~-f894e705-6e29-4aa0-9fa9-5c6e515d07a5]: Assigning socketPath: /var/folders/wk/z8b7lbvn4bv0tdlq8sqjbf2w0000gn/T/fire_emu_16601.sock 
[debug] [2021-02-20T14:58:50.995Z] [worker-~diagnostic~-f894e705-6e29-4aa0-9fa9-5c6e515d07a5]: BUSY 
[debug] [2021-02-20T14:58:51.365Z] [runtime-status] [16601] Functions runtime initialized. {"cwd":"/Users/steventurner/letter-writing/functions","node_version":"15.4.0"} 
[debug] [2021-02-20T14:58:51.368Z] [runtime-status] [16601] Disabled runtime features: undefined 
[debug] [2021-02-20T14:58:51.371Z] [runtime-status] [16601] Resolved module firebase-admin {"declared":true,"installed":true,"version":"8.10.0","resolution":"/Users/steventurner/letter-writing/functions/node_modules/firebase-admin/lib/index.js"} 
[debug] [2021-02-20T14:58:51.372Z] [runtime-status] [16601] Resolved module firebase-functions {"declared":true,"installed":true,"version":"3.6.0","resolution":"/Users/steventurner/letter-writing/functions/node_modules/firebase-functions/lib/index.js"} 
[debug] [2021-02-20T14:58:51.373Z] [runtime-status] [16601] Found local functions config: /Users/steventurner/letter-writing/functions/.runtimeconfig.json 
[debug] [2021-02-20T14:58:51.375Z] [runtime-status] [16601] Outgoing network have been stubbed. [{"name":"http","status":"mocked"},{"name":"http","status":"mocked"},{"name":"https","status":"mocked"},{"name":"https","status":"mocked"},{"name":"net","status":"mocked"}] 
[debug] [2021-02-20T14:58:51.424Z] [runtime-status] [16601] Checked functions.config() {"config":{"project":{"id":"letter-writing-app"}}} 
[debug] [2021-02-20T14:58:51.425Z] [runtime-status] [16601] Resolved module firebase-functions {"declared":true,"installed":true,"version":"3.6.0","resolution":"/Users/steventurner/letter-writing/functions/node_modules/firebase-functions/lib/index.js"} 
[debug] [2021-02-20T14:58:51.426Z] [runtime-status] [16601] Resolved module firebase-admin {"declared":true,"installed":true,"version":"8.10.0","resolution":"/Users/steventurner/letter-writing/functions/node_modules/firebase-admin/lib/index.js"} 
[debug] [2021-02-20T14:58:51.426Z] [runtime-status] [16601] Resolved module firebase-functions {"declared":true,"installed":true,"version":"3.6.0","resolution":"/Users/steventurner/letter-writing/functions/node_modules/firebase-functions/lib/index.js"} 
[debug] [2021-02-20T14:58:51.426Z] [runtime-status] [16601] firebase-admin has been stubbed. {"adminResolution":{"declared":true,"installed":true,"version":"8.10.0","resolution":"/Users/steventurner/letter-writing/functions/node_modules/firebase-admin/lib/index.js"}} 
[debug] [2021-02-20T14:58:51.508Z] [runtime-status] [16601] initializeApp(DEFAULT) {"databaseURL":"https://servantlitedev.firebaseio.com","storageBucket":"gs://letter-writing-app.appspot.com","projectId":"letter-writing-app","credential":{"implicit":false,"projectId":"letter-writing-app","privateKey":"-----BEGIN PRIVATE KEY-----\nMIIEvgIBADANBgkqhkiG9w0BAQEFAASCBKgwggSkAgEAAoIBAQDTsNOb+cOVbN8V\nHoAsXJCakfm5CzRAKQOjugV5DJmqtyN9NhB2eSW2xu+iGYChxjm7xVGVcb1nPG9C\nvKIfFthi5BJ76KzUtJEhGtI/v5o5WtE6fQNZRfwb1aysxRoUAcWFsg4x1hfwK8De\nYLX2eCdK0dPAg+z8PgafbJzC87VpPFftcL6bQWYafz6ljTTHT1ewXMMPydX+9VFA\nJgDrPOsf9HnWGxOXGvYMmo5MldIouUDuyEPnsea4Y5uIo7lA8F0+4wz7PJcTdh1E\nw+zDcm+OSX2tc4ww3l0lcI95RFiOsa6b3BWX1zdy1hHsSkHnA7RCkgtirJa8J83T\nxBXc5dLHAgMBAAECggEAD0PzHo5WUlI1jBpU993894iLT5LFQ9MxVf82IdKMykjG\noGLjsQdvdszFvxTDt+bJhwblqTc4h1dOVquvrTpChG8Z/iF7RSN4S8DZZIt2nag0\n6ljVgvyO/5rbBuJ3zPWLvuZmK6XauBEPqXmj5ZAolTaoZHue/VmjtJ9qdoyIinwT\nzJdN4bCTMeYgzCBV8kBkwIC5x/tjK93YANq8Tc8h79ER91UwVZYZ765jEWEuzQQH\nf7YYeD0++j0XF1Rn0TZp2KRBHbOLXa/LHRBVN136r3tU10lP9tM6LQgme1r1MpHI\ng3+bhixtdnYN9ZXbC34s7DjI/ExREIiO1RuSbCFwYQKBgQD+5XXw8OkSH4x9IdjU\nFuRoCZDQwPeKVeEDA2WgLD+YLvx5hDkzBYWbYvfGfcrTDh1DJ8QkKKAmTRUjFzzh\nfKGqmjri/Zi3Y204M3ykV+nb3VRLZz5RPEJrGbCutPMZWsV9+vRsDgQIaSdOuaHo\nA/9semt6CbYOnRJPctsSstotOQKBgQDUm3mIKuqI7mr43F8BGq2CSoWe2aVhsXl/\n0VmA5IEvB8X2HUbBwk+4K0wtw/IYqSK8B+6OH5zmCjun+uiRehWMBKNNT52ITSsx\nuTsGkUc/N7paG9cEkB3Jg41rW0LO4hM9qvlECeG4eBqkqpi3arJa75nhkQLO7Xxy\nsj/Qzb///wKBgQCjkgyFeZOXlbdJ9ZZ3Q9l/CeRskehIVaP3kw58IukMd9p9AGTU\nYQ7EEFaAgejOV5hfp/0uVwOukHin9BmVea0lFaQEVkjSJnPIRQIPVHs2JGobmT1c\nVBcrM2k2M9hsxNtHZOvFC5l67D/VPTqw8R/QNR8TSXgTGKjPYx1CepOXwQKBgB3/\nfetfms4NTdylQ2ZlfDvZBfd+4B3jq7AEOuu70hpvr1flk5k9MIBc45fFgQBHxRXg\nzKETBtFSek5eUbhNEIM8GEqNRD36HXEboJ9xmirqUwnpybHkH7/SJv8R1mBYd7yI\nxjj6Z/XeRGwdggTHMjkwe3bfPhUyXw/T5LsyfLfDAoGBAIc7lHi4oqyOzqQ5PjE8\nCc2X9CaAJk1+estPNs6m0byo4YHpCkG60AbqmPC2Kz5no29cadUSbGXYToYYs3hB\nxrRk807cX8ZTh3qYiJvwsxsgqX07q+d8HwSgOPK2JVksjGMH3axv+TbRZlxIe39k\nizes9v13ucL2vFSEs6kkkxKS\n-----END PRIVATE KEY-----\n","clientEmail":"firebase-adminsdk-10zpg@letter-writing-app.iam.gserviceaccount.com","httpClient":{"retry":{"maxRetries":4,"statusCodes":[503],"ioErrorCodes":["ECONNRESET","ETIMEDOUT"],"backOffFactor":0.5,"maxDelayInMillis":60000}}},"apiKey":"AIzaSyAFHTI9Sc-DjGHz2oo-w5Cvw30bXeSMgxI","authDomain":"localhost","databaseUrl":"https://servantlite.firebaseio.com/","messageSenderId":""} 
[info] ✔  functions[deleteUser]: http function initialized (http://localhost:5001/servantlitedev/us-central1/deleteUser).
[info] ✔  functions[setUpDB]: http function initialized (http://localhost:5001/servantlitedev/us-central1/setUpDB).
[info] i  functions[createUser]: function ignored because the firestore emulator does not exist or is not running.
[info] i  functions[returnedTerritory]: function ignored because the firestore emulator does not exist or is not running.
[info] ✔  emulators: All emulators started, it is now safe to connect.
[debug] [2021-02-20T14:58:51.513Z] [worker-~diagnostic~-f894e705-6e29-4aa0-9fa9-5c6e515d07a5]: IDLE 
[debug] [2021-02-20T14:59:03.070Z] ----------------------------------------------------------------------
[debug] [2021-02-20T14:59:03.072Z] Command:       /usr/local/Cellar/node/15.4.0/bin/node /usr/local/bin/firebase emulators:start --only functions
[debug] [2021-02-20T14:59:03.072Z] CLI Version:   8.0.1
[debug] [2021-02-20T14:59:03.072Z] Platform:      darwin
[debug] [2021-02-20T14:59:03.072Z] Node Version:  v15.4.0
[debug] [2021-02-20T14:59:03.073Z] Time:          Sat Feb 20 2021 09:59:03 GMT-0500 (Eastern Standard Time)
[debug] [2021-02-20T14:59:03.074Z] ----------------------------------------------------------------------
[debug] [2021-02-20T14:59:03.074Z] 
[debug] [2021-02-20T14:59:03.081Z] > command requires scopes: ["email","openid","https://www.googleapis.com/auth/cloudplatformprojects.readonly","https://www.googleapis.com/auth/firebase","https://www.googleapis.com/auth/cloud-platform"]
[debug] [2021-02-20T14:59:03.081Z] > authorizing via signed-in user
[info] i  emulators: Starting emulators: functions
[warn] ⚠  emulators: It seems that you are running multiple instances of the emulator suite for project servantlitedev. This may result in unexpected behavior.
[debug] [2021-02-20T14:59:03.122Z] [hub] writing locator at /var/folders/wk/z8b7lbvn4bv0tdlq8sqjbf2w0000gn/T/hub-servantlitedev.json
[info] ✔  hub: emulator hub started at http://localhost:4400
[warn] ⚠  Your requested "node" version "8" doesn't match your global version "15"
[info] ✔  functions: functions emulator started at http://localhost:5001
[info] i  functions: Watching "/Users/steventurner/letter-writing/functions" for Cloud Functions...
[debug] [2021-02-20T14:59:03.404Z] [worker-pool] addWorker(~diagnostic~) 
[debug] [2021-02-20T14:59:03.405Z] [worker-pool] Adding worker with key ~diagnostic~, total=1 
[debug] [2021-02-20T14:59:03.405Z] [worker-pool] submitWork(triggerId=) 
[debug] [2021-02-20T14:59:03.405Z] [worker-~diagnostic~-f6532434-ade6-4332-bb6c-f0efc813ca39]: Assigning socketPath: /var/folders/wk/z8b7lbvn4bv0tdlq8sqjbf2w0000gn/T/fire_emu_16620.sock 
[debug] [2021-02-20T14:59:03.405Z] [worker-~diagnostic~-f6532434-ade6-4332-bb6c-f0efc813ca39]: BUSY 
[debug] [2021-02-20T14:59:03.663Z] [runtime-status] [16620] Functions runtime initialized. {"cwd":"/Users/steventurner/letter-writing/functions","node_version":"15.4.0"} 
[debug] [2021-02-20T14:59:03.665Z] [runtime-status] [16620] Disabled runtime features: undefined 
[debug] [2021-02-20T14:59:03.666Z] [runtime-status] [16620] Resolved module firebase-admin {"declared":true,"installed":true,"version":"8.10.0","resolution":"/Users/steventurner/letter-writing/functions/node_modules/firebase-admin/lib/index.js"} 
[debug] [2021-02-20T14:59:03.667Z] [runtime-status] [16620] Resolved module firebase-functions {"declared":true,"installed":true,"version":"3.6.0","resolution":"/Users/steventurner/letter-writing/functions/node_modules/firebase-functions/lib/index.js"} 
[debug] [2021-02-20T14:59:03.667Z] [runtime-status] [16620] Found local functions config: /Users/steventurner/letter-writing/functions/.runtimeconfig.json 
[debug] [2021-02-20T14:59:03.669Z] [runtime-status] [16620] Outgoing network have been stubbed. [{"name":"http","status":"mocked"},{"name":"http","status":"mocked"},{"name":"https","status":"mocked"},{"name":"https","status":"mocked"},{"name":"net","status":"mocked"}] 
[debug] [2021-02-20T14:59:03.698Z] [runtime-status] [16620] Checked functions.config() {"config":{"project":{"id":"letter-writing-app"}}} 
[debug] [2021-02-20T14:59:03.699Z] [runtime-status] [16620] Resolved module firebase-functions {"declared":true,"installed":true,"version":"3.6.0","resolution":"/Users/steventurner/letter-writing/functions/node_modules/firebase-functions/lib/index.js"} 
[debug] [2021-02-20T14:59:03.699Z] [runtime-status] [16620] Resolved module firebase-admin {"declared":true,"installed":true,"version":"8.10.0","resolution":"/Users/steventurner/letter-writing/functions/node_modules/firebase-admin/lib/index.js"} 
[debug] [2021-02-20T14:59:03.700Z] [runtime-status] [16620] Resolved module firebase-functions {"declared":true,"installed":true,"version":"3.6.0","resolution":"/Users/steventurner/letter-writing/functions/node_modules/firebase-functions/lib/index.js"} 
[debug] [2021-02-20T14:59:03.700Z] [runtime-status] [16620] firebase-admin has been stubbed. {"adminResolution":{"declared":true,"installed":true,"version":"8.10.0","resolution":"/Users/steventurner/letter-writing/functions/node_modules/firebase-admin/lib/index.js"}} 
[debug] [2021-02-20T14:59:03.731Z] [runtime-status] [16620] initializeApp(DEFAULT) {"databaseURL":"https://servantlitedev.firebaseio.com","storageBucket":"gs://letter-writing-app.appspot.com","projectId":"letter-writing-app","credential":{"implicit":false,"projectId":"letter-writing-app","privateKey":"-----BEGIN PRIVATE KEY-----\nMIIEvgIBADANBgkqhkiG9w0BAQEFAASCBKgwggSkAgEAAoIBAQDTsNOb+cOVbN8V\nHoAsXJCakfm5CzRAKQOjugV5DJmqtyN9NhB2eSW2xu+iGYChxjm7xVGVcb1nPG9C\nvKIfFthi5BJ76KzUtJEhGtI/v5o5WtE6fQNZRfwb1aysxRoUAcWFsg4x1hfwK8De\nYLX2eCdK0dPAg+z8PgafbJzC87VpPFftcL6bQWYafz6ljTTHT1ewXMMPydX+9VFA\nJgDrPOsf9HnWGxOXGvYMmo5MldIouUDuyEPnsea4Y5uIo7lA8F0+4wz7PJcTdh1E\nw+zDcm+OSX2tc4ww3l0lcI95RFiOsa6b3BWX1zdy1hHsSkHnA7RCkgtirJa8J83T\nxBXc5dLHAgMBAAECggEAD0PzHo5WUlI1jBpU993894iLT5LFQ9MxVf82IdKMykjG\noGLjsQdvdszFvxTDt+bJhwblqTc4h1dOVquvrTpChG8Z/iF7RSN4S8DZZIt2nag0\n6ljVgvyO/5rbBuJ3zPWLvuZmK6XauBEPqXmj5ZAolTaoZHue/VmjtJ9qdoyIinwT\nzJdN4bCTMeYgzCBV8kBkwIC5x/tjK93YANq8Tc8h79ER91UwVZYZ765jEWEuzQQH\nf7YYeD0++j0XF1Rn0TZp2KRBHbOLXa/LHRBVN136r3tU10lP9tM6LQgme1r1MpHI\ng3+bhixtdnYN9ZXbC34s7DjI/ExREIiO1RuSbCFwYQKBgQD+5XXw8OkSH4x9IdjU\nFuRoCZDQwPeKVeEDA2WgLD+YLvx5hDkzBYWbYvfGfcrTDh1DJ8QkKKAmTRUjFzzh\nfKGqmjri/Zi3Y204M3ykV+nb3VRLZz5RPEJrGbCutPMZWsV9+vRsDgQIaSdOuaHo\nA/9semt6CbYOnRJPctsSstotOQKBgQDUm3mIKuqI7mr43F8BGq2CSoWe2aVhsXl/\n0VmA5IEvB8X2HUbBwk+4K0wtw/IYqSK8B+6OH5zmCjun+uiRehWMBKNNT52ITSsx\nuTsGkUc/N7paG9cEkB3Jg41rW0LO4hM9qvlECeG4eBqkqpi3arJa75nhkQLO7Xxy\nsj/Qzb///wKBgQCjkgyFeZOXlbdJ9ZZ3Q9l/CeRskehIVaP3kw58IukMd9p9AGTU\nYQ7EEFaAgejOV5hfp/0uVwOukHin9BmVea0lFaQEVkjSJnPIRQIPVHs2JGobmT1c\nVBcrM2k2M9hsxNtHZOvFC5l67D/VPTqw8R/QNR8TSXgTGKjPYx1CepOXwQKBgB3/\nfetfms4NTdylQ2ZlfDvZBfd+4B3jq7AEOuu70hpvr1flk5k9MIBc45fFgQBHxRXg\nzKETBtFSek5eUbhNEIM8GEqNRD36HXEboJ9xmirqUwnpybHkH7/SJv8R1mBYd7yI\nxjj6Z/XeRGwdggTHMjkwe3bfPhUyXw/T5LsyfLfDAoGBAIc7lHi4oqyOzqQ5PjE8\nCc2X9CaAJk1+estPNs6m0byo4YHpCkG60AbqmPC2Kz5no29cadUSbGXYToYYs3hB\nxrRk807cX8ZTh3qYiJvwsxsgqX07q+d8HwSgOPK2JVksjGMH3axv+TbRZlxIe39k\nizes9v13ucL2vFSEs6kkkxKS\n-----END PRIVATE KEY-----\n","clientEmail":"firebase-adminsdk-10zpg@letter-writing-app.iam.gserviceaccount.com","httpClient":{"retry":{"maxRetries":4,"statusCodes":[503],"ioErrorCodes":["ECONNRESET","ETIMEDOUT"],"backOffFactor":0.5,"maxDelayInMillis":60000}}},"apiKey":"AIzaSyAFHTI9Sc-DjGHz2oo-w5Cvw30bXeSMgxI","authDomain":"localhost","databaseUrl":"https://servantlite.firebaseio.com/","messageSenderId":""} 
[info] ✔  functions[deleteUser]: http function initialized (http://localhost:5001/servantlitedev/us-central1/deleteUser).
[info] ✔  functions[setUpDB]: http function initialized (http://localhost:5001/servantlitedev/us-central1/setUpDB).
[info] i  functions[createUser]: function ignored because the firestore emulator does not exist or is not running.
[info] i  functions[returnedTerritory]: function ignored because the firestore emulator does not exist or is not running.
[info] ✔  emulators: All emulators started, it is now safe to connect.
[debug] [2021-02-20T14:59:03.734Z] [worker-~diagnostic~-f6532434-ade6-4332-bb6c-f0efc813ca39]: IDLE 
