[debug] [2020-07-16T00:21:24.392Z] ----------------------------------------------------------------------
[debug] [2020-07-16T00:21:24.394Z] Command:       /usr/local/Cellar/node/13.8.0/bin/node /usr/local/bin/firebase deploy -P default -m Deploying latest changes of Servant Lite
[debug] [2020-07-16T00:21:24.394Z] CLI Version:   8.0.1
[debug] [2020-07-16T00:21:24.394Z] Platform:      darwin
[debug] [2020-07-16T00:21:24.394Z] Node Version:  v13.8.0
[debug] [2020-07-16T00:21:24.398Z] Time:          Wed Jul 15 2020 20:21:24 GMT-0400 (Eastern Daylight Time)
[debug] [2020-07-16T00:21:24.398Z] ----------------------------------------------------------------------
[debug] [2020-07-16T00:21:24.398Z] 
[debug] [2020-07-16T00:21:24.413Z] > command requires scopes: ["email","openid","https://www.googleapis.com/auth/cloudplatformprojects.readonly","https://www.googleapis.com/auth/firebase","https://www.googleapis.com/auth/cloud-platform"]
[debug] [2020-07-16T00:21:24.415Z] > authorizing via signed-in user
[debug] [2020-07-16T00:21:24.415Z] [iam] checking project letter-writing-app for permissions ["cloudfunctions.functions.create","cloudfunctions.functions.delete","cloudfunctions.functions.get","cloudfunctions.functions.list","cloudfunctions.functions.update","cloudfunctions.operations.get","firebase.projects.get","firebasehosting.sites.update"]
[debug] [2020-07-16T00:21:24.419Z] > refreshing access token with scopes: ["email","https://www.googleapis.com/auth/cloud-platform","https://www.googleapis.com/auth/cloudplatformprojects.readonly","https://www.googleapis.com/auth/firebase","openid"]
[debug] [2020-07-16T00:21:24.419Z] >>> HTTP REQUEST POST https://www.googleapis.com/oauth2/v3/token  
 <request body omitted>
[debug] [2020-07-16T00:21:24.576Z] <<< HTTP RESPONSE 200 {"content-type":"application/json; charset=utf-8","vary":"X-Origin, Referer, Origin,Accept-Encoding","date":"Thu, 16 Jul 2020 00:21:25 GMT","server":"scaffolding on HTTPServer2","cache-control":"private","x-xss-protection":"0","x-frame-options":"SAMEORIGIN","x-content-type-options":"nosniff","alt-svc":"h3-29=\":443\"; ma=2592000,h3-27=\":443\"; ma=2592000,h3-25=\":443\"; ma=2592000,h3-T050=\":443\"; ma=2592000,h3-Q050=\":443\"; ma=2592000,h3-Q046=\":443\"; ma=2592000,h3-Q043=\":443\"; ma=2592000,quic=\":443\"; ma=2592000; v=\"46,43\"","accept-ranges":"none","transfer-encoding":"chunked"}
[debug] [2020-07-16T00:21:24.592Z] >>> HTTP REQUEST POST https://cloudresourcemanager.googleapis.com/v1/projects/letter-writing-app:testIamPermissions  
 {"permissions":["cloudfunctions.functions.create","cloudfunctions.functions.delete","cloudfunctions.functions.get","cloudfunctions.functions.list","cloudfunctions.functions.update","cloudfunctions.operations.get","firebase.projects.get","firebasehosting.sites.update"]}
[debug] [2020-07-16T00:21:24.896Z] <<< HTTP RESPONSE 200 {"content-type":"application/json; charset=UTF-8","vary":"X-Origin, Referer, Origin,Accept-Encoding","date":"Thu, 16 Jul 2020 00:21:26 GMT","server":"ESF","cache-control":"private","x-xss-protection":"0","x-frame-options":"SAMEORIGIN","x-content-type-options":"nosniff","server-timing":"gfet4t7; dur=161","alt-svc":"h3-29=\":443\"; ma=2592000,h3-27=\":443\"; ma=2592000,h3-25=\":443\"; ma=2592000,h3-T050=\":443\"; ma=2592000,h3-Q050=\":443\"; ma=2592000,h3-Q046=\":443\"; ma=2592000,h3-Q043=\":443\"; ma=2592000,quic=\":443\"; ma=2592000; v=\"46,43\"","accept-ranges":"none","transfer-encoding":"chunked"}
[debug] [2020-07-16T00:21:24.897Z] >>> HTTP REQUEST GET https://firebase.googleapis.com/v1beta1/projects/letter-writing-app  
 
[debug] [2020-07-16T00:21:25.135Z] <<< HTTP RESPONSE 200 {"content-type":"application/json; charset=UTF-8","vary":"X-Origin, Referer, Origin,Accept-Encoding","date":"Thu, 16 Jul 2020 00:21:26 GMT","server":"ESF","cache-control":"private","x-xss-protection":"0","x-frame-options":"SAMEORIGIN","x-content-type-options":"nosniff","alt-svc":"h3-29=\":443\"; ma=2592000,h3-27=\":443\"; ma=2592000,h3-25=\":443\"; ma=2592000,h3-T050=\":443\"; ma=2592000,h3-Q050=\":443\"; ma=2592000,h3-Q046=\":443\"; ma=2592000,h3-Q043=\":443\"; ma=2592000,quic=\":443\"; ma=2592000; v=\"46,43\"","accept-ranges":"none","transfer-encoding":"chunked"}
[info] 
[info] === Deploying to 'letter-writing-app'...
[info] 
[info] i  deploying functions, hosting
[info] Running command: npm --prefix "$RESOURCE_DIR" run build
[info] ✔  functions: Finished running predeploy script.
[debug] [2020-07-16T00:21:36.716Z] > [functions] package.json contents: {
  "name": "functions",
  "scripts": {
    "build": "tsc",
    "serve": "npm run build && firebase emulators:start --only functions",
    "shell": "npm run build && firebase functions:shell",
    "start": "npm run shell",
    "deploy": "firebase deploy --only functions",
    "logs": "firebase functions:log",
    "tests": "mocha -w --recursive tests/**/*.ts"
  },
  "engines": {
    "node": "8"
  },
  "main": "lib/index.js",
  "dependencies": {
    "firebase-admin": "^8.9.0",
    "firebase-functions": "^3.3.0"
  },
  "devDependencies": {
    "chai": "^4.2.0",
    "expect": "^25.3.0",
    "firebase-functions-test": "^0.1.6",
    "firestore-export-import": "^0.5.0",
    "mocha": "^7.1.1",
    "typescript": "^3.2.2",
    "xlsx": "^0.16.1"
  },
  "private": true
}
[info] i  functions: ensuring necessary APIs are enabled...
[debug] [2020-07-16T00:21:36.717Z] >>> HTTP REQUEST GET https://serviceusage.googleapis.com/v1/projects/letter-writing-app/services/cloudfunctions.googleapis.com  
 
[debug] [2020-07-16T00:21:36.718Z] >>> HTTP REQUEST GET https://serviceusage.googleapis.com/v1/projects/letter-writing-app/services/runtimeconfig.googleapis.com  
 
[debug] [2020-07-16T00:21:37.348Z] <<< HTTP RESPONSE 200 {"content-type":"application/json; charset=UTF-8","vary":"X-Origin, Referer, Origin,Accept-Encoding","date":"Thu, 16 Jul 2020 00:21:38 GMT","server":"ESF","cache-control":"private","x-xss-protection":"0","x-frame-options":"SAMEORIGIN","x-content-type-options":"nosniff","alt-svc":"h3-29=\":443\"; ma=2592000,h3-27=\":443\"; ma=2592000,h3-25=\":443\"; ma=2592000,h3-T050=\":443\"; ma=2592000,h3-Q050=\":443\"; ma=2592000,h3-Q046=\":443\"; ma=2592000,h3-Q043=\":443\"; ma=2592000,quic=\":443\"; ma=2592000; v=\"46,43\"","accept-ranges":"none","transfer-encoding":"chunked"}
[debug] [2020-07-16T00:21:37.380Z] <<< HTTP RESPONSE 200 {"content-type":"application/json; charset=UTF-8","vary":"X-Origin, Referer, Origin,Accept-Encoding","date":"Thu, 16 Jul 2020 00:21:38 GMT","server":"ESF","cache-control":"private","x-xss-protection":"0","x-frame-options":"SAMEORIGIN","x-content-type-options":"nosniff","alt-svc":"h3-29=\":443\"; ma=2592000,h3-27=\":443\"; ma=2592000,h3-25=\":443\"; ma=2592000,h3-T050=\":443\"; ma=2592000,h3-Q050=\":443\"; ma=2592000,h3-Q046=\":443\"; ma=2592000,h3-Q043=\":443\"; ma=2592000,quic=\":443\"; ma=2592000; v=\"46,43\"","accept-ranges":"none","transfer-encoding":"chunked"}
[info] ✔  functions: all necessary APIs are enabled
[debug] [2020-07-16T00:21:37.381Z] >>> HTTP REQUEST GET https://firebase.googleapis.com/v1beta1/projects/letter-writing-app/adminSdkConfig  
 
[debug] [2020-07-16T00:21:37.598Z] <<< HTTP RESPONSE 200 {"content-type":"application/json; charset=UTF-8","vary":"X-Origin, Referer, Origin,Accept-Encoding","date":"Thu, 16 Jul 2020 00:21:38 GMT","server":"ESF","cache-control":"private","x-xss-protection":"0","x-frame-options":"SAMEORIGIN","x-content-type-options":"nosniff","alt-svc":"h3-29=\":443\"; ma=2592000,h3-27=\":443\"; ma=2592000,h3-25=\":443\"; ma=2592000,h3-T050=\":443\"; ma=2592000,h3-Q050=\":443\"; ma=2592000,h3-Q046=\":443\"; ma=2592000,h3-Q043=\":443\"; ma=2592000,quic=\":443\"; ma=2592000; v=\"46,43\"","accept-ranges":"none","transfer-encoding":"chunked"}
[debug] [2020-07-16T00:21:37.599Z] >>> HTTP REQUEST POST https://firebasehosting.googleapis.com/v1beta1/sites/letter-writing-app/versions  
 {"config":{"rewrites":[{"glob":"**","path":"/index.html"}]},"labels":{"deployment-tool":"cli-firebase"}}
[debug] [2020-07-16T00:21:38.483Z] <<< HTTP RESPONSE 200 {"content-type":"application/json; charset=UTF-8","vary":"X-Origin, Referer, Origin,Accept-Encoding","date":"Thu, 16 Jul 2020 00:21:39 GMT","server":"ESF","cache-control":"private","x-xss-protection":"0","x-frame-options":"SAMEORIGIN","x-content-type-options":"nosniff","alt-svc":"h3-29=\":443\"; ma=2592000,h3-27=\":443\"; ma=2592000,h3-25=\":443\"; ma=2592000,h3-T050=\":443\"; ma=2592000,h3-Q050=\":443\"; ma=2592000,h3-Q046=\":443\"; ma=2592000,h3-Q043=\":443\"; ma=2592000,quic=\":443\"; ma=2592000; v=\"46,43\"","accept-ranges":"none","transfer-encoding":"chunked"}
[info] i  functions: preparing functions directory for uploading...
[debug] [2020-07-16T00:21:38.489Z] >>> HTTP REQUEST GET https://runtimeconfig.googleapis.com/v1beta1/projects/letter-writing-app/configs  
 
[debug] [2020-07-16T00:21:38.793Z] <<< HTTP RESPONSE 200 {"content-type":"application/json; charset=UTF-8","vary":"X-Origin, Referer, Origin,Accept-Encoding","date":"Thu, 16 Jul 2020 00:21:39 GMT","server":"ESF","cache-control":"private","x-xss-protection":"0","x-frame-options":"SAMEORIGIN","x-content-type-options":"nosniff","alt-svc":"h3-29=\":443\"; ma=2592000,h3-27=\":443\"; ma=2592000,h3-25=\":443\"; ma=2592000,h3-T050=\":443\"; ma=2592000,h3-Q050=\":443\"; ma=2592000,h3-Q046=\":443\"; ma=2592000,h3-Q043=\":443\"; ma=2592000,quic=\":443\"; ma=2592000; v=\"46,43\"","accept-ranges":"none","transfer-encoding":"chunked"}
[debug] [2020-07-16T00:21:38.794Z] >>> HTTP REQUEST GET https://runtimeconfig.googleapis.com/v1beta1/projects/letter-writing-app/configs/project/variables  
 
[debug] [2020-07-16T00:21:38.987Z] <<< HTTP RESPONSE 200 {"content-type":"application/json; charset=UTF-8","vary":"X-Origin, Referer, Origin,Accept-Encoding","date":"Thu, 16 Jul 2020 00:21:40 GMT","server":"ESF","cache-control":"private","x-xss-protection":"0","x-frame-options":"SAMEORIGIN","x-content-type-options":"nosniff","alt-svc":"h3-29=\":443\"; ma=2592000,h3-27=\":443\"; ma=2592000,h3-25=\":443\"; ma=2592000,h3-T050=\":443\"; ma=2592000,h3-Q050=\":443\"; ma=2592000,h3-Q046=\":443\"; ma=2592000,h3-Q043=\":443\"; ma=2592000,quic=\":443\"; ma=2592000; v=\"46,43\"","accept-ranges":"none","transfer-encoding":"chunked"}
[debug] [2020-07-16T00:21:38.988Z] >>> HTTP REQUEST GET https://runtimeconfig.googleapis.com/v1beta1/projects/letter-writing-app/configs/project/variables/id  
 
[debug] [2020-07-16T00:21:39.193Z] <<< HTTP RESPONSE 200 {"content-type":"application/json; charset=UTF-8","vary":"X-Origin, Referer, Origin,Accept-Encoding","date":"Thu, 16 Jul 2020 00:21:40 GMT","server":"ESF","cache-control":"private","x-xss-protection":"0","x-frame-options":"SAMEORIGIN","x-content-type-options":"nosniff","alt-svc":"h3-29=\":443\"; ma=2592000,h3-27=\":443\"; ma=2592000,h3-25=\":443\"; ma=2592000,h3-T050=\":443\"; ma=2592000,h3-Q050=\":443\"; ma=2592000,h3-Q046=\":443\"; ma=2592000,h3-Q043=\":443\"; ma=2592000,quic=\":443\"; ma=2592000; v=\"46,43\"","accept-ranges":"none","transfer-encoding":"chunked"}
[info] i  functions: packaged functions (8.5 MB) for uploading
[debug] [2020-07-16T00:21:54.651Z] >>> HTTP REQUEST POST https://cloudfunctions.googleapis.com/v1/projects/letter-writing-app/locations/us-central1/functions:generateUploadUrl  
 
[debug] [2020-07-16T00:21:55.525Z] <<< HTTP RESPONSE 200 {"content-type":"application/json; charset=UTF-8","vary":"X-Origin, Referer, Origin,Accept-Encoding","date":"Thu, 16 Jul 2020 00:21:56 GMT","server":"ESF","cache-control":"private","x-xss-protection":"0","x-frame-options":"SAMEORIGIN","x-content-type-options":"nosniff","alt-svc":"h3-29=\":443\"; ma=2592000,h3-27=\":443\"; ma=2592000,h3-25=\":443\"; ma=2592000,h3-T050=\":443\"; ma=2592000,h3-Q050=\":443\"; ma=2592000,h3-Q046=\":443\"; ma=2592000,h3-Q043=\":443\"; ma=2592000,quic=\":443\"; ma=2592000; v=\"46,43\"","accept-ranges":"none","transfer-encoding":"chunked"}
[debug] [2020-07-16T00:21:55.526Z] >>> HTTP REQUEST PUT https://storage.googleapis.com/gcf-upload-us-central1-441ebf12-2abb-4b79-a24d-79f14ac84be3/98bf6d55-f5e0-40fb-8ffb-37162798aa4e.zip?GoogleAccessId=service-260001344428@gcf-admin-robot.iam.gserviceaccount.com&Expires=1594860716&Signature=Xwt2QUKqB00rcKvzk6F0N4df0s61ATYsWeX8uWM57Vo6jriHKYU4g6%2BVvXAgR6amJPV3rJFngj0lyGX6e35JDN4%2Fr316%2Bu2qv6erwlQk17TZLxKmT0hF0nCI85pfnAf5UQckOcW00CP%2BG8dzEhMov3RdXkitnOChO%2B6eSdzYrkip0NPl%2B%2F28aHcjNeLdaRrrf8S7KjrPrhR%2B0Rdm6Gymd7WaQfuyiaKdsksdBMDPFE86%2Fa1UrgxizluiTLzpvi3hy1JRpAR1FKdWqk%2BtWMnW5qsIUAm2zF08NT5Naw0a3zrAvSM%2BkyaLJHN90AiAQ3pl7smG7khHReEF%2BDH1PRazJw%3D%3D  
 <request body omitted>
[debug] [2020-07-16T00:22:09.555Z] <<< HTTP RESPONSE 200 {"x-guploader-uploadid":"AAANsUmIPnu5uIguouSNIb9aVMYO9uKgAVQIpjicbcF4e0q7Jl6lC0gQbhnt4OeJA_gd3YgDZH63ZNSTAfZQB7XuIawd6LzU8w","etag":"\"55ad29e41c16455c9f6867fae6a2bf9a\"","x-goog-generation":"1594858930692762","x-goog-metageneration":"1","x-goog-hash":"crc32c=BBNuzA==, md5=Va0p5BwWRVyfaGf65qK/mg==","x-goog-stored-content-length":"8912211","x-goog-stored-content-encoding":"identity","vary":"Origin","content-length":"0","date":"Thu, 16 Jul 2020 00:22:10 GMT","server":"UploadServer","content-type":"text/html; charset=UTF-8","alt-svc":"h3-29=\":443\"; ma=2592000,h3-27=\":443\"; ma=2592000,h3-25=\":443\"; ma=2592000,h3-T050=\":443\"; ma=2592000,h3-Q050=\":443\"; ma=2592000,h3-Q046=\":443\"; ma=2592000,h3-Q043=\":443\"; ma=2592000,quic=\":443\"; ma=2592000; v=\"46,43\""}
[info] ✔  functions: functions folder uploaded successfully
[info] i  hosting[letter-writing-app]: beginning deploy...
[info] i  hosting[letter-writing-app]: found 40 files in dist
[debug] [2020-07-16T00:22:10.309Z] [hosting] hash cache [ZGlzdA] stored for 40 files
[debug] [2020-07-16T00:22:10.309Z] [hosting][hash queue][FINAL] {"max":714,"min":59,"avg":102.875,"active":0,"complete":40,"success":40,"errored":0,"retried":0,"total":40,"elapsed":729}
[debug] [2020-07-16T00:22:10.309Z] >>> HTTP REQUEST POST https://firebasehosting.googleapis.com/v1beta1/sites/letter-writing-app/versions/6bc5cca948b76400:populateFiles  
 <request body omitted>
[debug] [2020-07-16T00:22:11.316Z] <<< HTTP RESPONSE 200 {"content-type":"application/json; charset=UTF-8","vary":"X-Origin, Referer, Origin,Accept-Encoding","date":"Thu, 16 Jul 2020 00:22:12 GMT","server":"ESF","cache-control":"private","x-xss-protection":"0","x-frame-options":"SAMEORIGIN","x-content-type-options":"nosniff","alt-svc":"h3-29=\":443\"; ma=2592000,h3-27=\":443\"; ma=2592000,h3-25=\":443\"; ma=2592000,h3-T050=\":443\"; ma=2592000,h3-Q050=\":443\"; ma=2592000,h3-Q046=\":443\"; ma=2592000,h3-Q043=\":443\"; ma=2592000,quic=\":443\"; ma=2592000; v=\"46,43\"","accept-ranges":"none","transfer-encoding":"chunked"}
[debug] [2020-07-16T00:22:11.323Z] [hosting][populate queue][FINAL] {"max":1010,"min":1010,"avg":1010,"active":0,"complete":1,"success":1,"errored":0,"retried":0,"total":1,"elapsed":1015}
[debug] [2020-07-16T00:22:11.323Z] [hosting] uploads queued: 9
[debug] [2020-07-16T00:22:13.994Z] [hosting][upload queue][FINAL] {"max":2676,"min":1622,"avg":1864.2222222222222,"active":0,"complete":9,"success":9,"errored":0,"retried":0,"total":9,"elapsed":2677}
[info] ✔  hosting[letter-writing-app]: file upload complete
[debug] [2020-07-16T00:22:13.995Z] [hosting] deploy completed after 4438ms
[debug] [2020-07-16T00:22:14.363Z] >>> HTTP REQUEST GET https://cloudfunctions.googleapis.com/v1/projects/letter-writing-app/locations/-/functions  
 
[debug] [2020-07-16T00:22:15.168Z] <<< HTTP RESPONSE 200 {"content-type":"application/json; charset=UTF-8","vary":"X-Origin, Referer, Origin,Accept-Encoding","date":"Thu, 16 Jul 2020 00:22:16 GMT","server":"ESF","cache-control":"private","x-xss-protection":"0","x-frame-options":"SAMEORIGIN","x-content-type-options":"nosniff","alt-svc":"h3-29=\":443\"; ma=2592000,h3-27=\":443\"; ma=2592000,h3-25=\":443\"; ma=2592000,h3-T050=\":443\"; ma=2592000,h3-Q050=\":443\"; ma=2592000,h3-Q046=\":443\"; ma=2592000,h3-Q043=\":443\"; ma=2592000,quic=\":443\"; ma=2592000; v=\"46,43\"","accept-ranges":"none","transfer-encoding":"chunked"}
[info] i  functions: updating Node.js 8 function deleteUser(us-central1)...
[debug] [2020-07-16T00:22:15.171Z] Trigger is:  {"httpsTrigger":{}}
[info] i  functions: updating Node.js 8 function createUser(us-central1)...
[debug] [2020-07-16T00:22:15.171Z] Trigger is:  {"eventTrigger":{"resource":"projects/letter-writing-app/databases/(default)/documents/users/{userId}","eventType":"providers/cloud.firestore/eventTypes/document.create","service":"firestore.googleapis.com"}}
[info] i  functions: updating Node.js 8 function returnedTerritory(us-central1)...
[debug] [2020-07-16T00:22:15.172Z] Trigger is:  {"eventTrigger":{"resource":"projects/letter-writing-app/databases/(default)/documents/territories/{territoryId}","eventType":"providers/cloud.firestore/eventTypes/document.update","service":"firestore.googleapis.com"}}
[info] i  functions: updating Node.js 8 function setUpDB(us-central1)...
[debug] [2020-07-16T00:22:15.172Z] Trigger is:  {"httpsTrigger":{}}
[info] 
The following functions are found in your project but do not exist in your local source code:
	referFriend(us-central1)
	referralCleaner(us-central1)
	sendReferralEmail(us-central1)

If you are renaming a function or changing its region, it is recommended that you create the new function first before deleting the old one to prevent event loss. For more info, visit https://firebase.google.com/docs/functions/manage-functions#modify

[debug] [2020-08-07T22:07:05.627Z] ----------------------------------------------------------------------
[debug] [2020-08-07T22:07:05.628Z] Command:       /usr/local/Cellar/node/13.8.0/bin/node /usr/local/bin/firebase deploy -P default -m Deploying latest changes of Servant Lite
[debug] [2020-08-07T22:07:05.629Z] CLI Version:   8.0.1
[debug] [2020-08-07T22:07:05.629Z] Platform:      darwin
[debug] [2020-08-07T22:07:05.629Z] Node Version:  v13.8.0
[debug] [2020-08-07T22:07:05.640Z] Time:          Fri Aug 07 2020 18:07:05 GMT-0400 (Eastern Daylight Time)
[debug] [2020-08-07T22:07:05.640Z] ----------------------------------------------------------------------
[debug] [2020-08-07T22:07:05.640Z] 
[debug] [2020-08-07T22:07:05.713Z] > command requires scopes: ["email","openid","https://www.googleapis.com/auth/cloudplatformprojects.readonly","https://www.googleapis.com/auth/firebase","https://www.googleapis.com/auth/cloud-platform"]
[debug] [2020-08-07T22:07:05.721Z] > authorizing via signed-in user
[debug] [2020-08-07T22:07:05.722Z] [iam] checking project letter-writing-app for permissions ["cloudfunctions.functions.create","cloudfunctions.functions.delete","cloudfunctions.functions.get","cloudfunctions.functions.list","cloudfunctions.functions.update","cloudfunctions.operations.get","firebase.projects.get","firebasehosting.sites.update"]
[debug] [2020-08-07T22:07:05.728Z] > refreshing access token with scopes: ["email","https://www.googleapis.com/auth/cloud-platform","https://www.googleapis.com/auth/cloudplatformprojects.readonly","https://www.googleapis.com/auth/firebase","openid"]
[debug] [2020-08-07T22:07:05.728Z] >>> HTTP REQUEST POST https://www.googleapis.com/oauth2/v3/token  
 <request body omitted>
[debug] [2020-08-07T22:07:05.894Z] <<< HTTP RESPONSE 200 {"content-type":"application/json; charset=utf-8","vary":"X-Origin, Referer, Origin,Accept-Encoding","date":"Fri, 07 Aug 2020 22:07:05 GMT","server":"scaffolding on HTTPServer2","cache-control":"private","x-xss-protection":"0","x-frame-options":"SAMEORIGIN","x-content-type-options":"nosniff","alt-svc":"h3-29=\":443\"; ma=2592000,h3-27=\":443\"; ma=2592000,h3-T050=\":443\"; ma=2592000,h3-Q050=\":443\"; ma=2592000,h3-Q046=\":443\"; ma=2592000,h3-Q043=\":443\"; ma=2592000,quic=\":443\"; ma=2592000; v=\"46,43\"","accept-ranges":"none","transfer-encoding":"chunked"}
[debug] [2020-08-07T22:07:05.918Z] >>> HTTP REQUEST POST https://cloudresourcemanager.googleapis.com/v1/projects/letter-writing-app:testIamPermissions  
 {"permissions":["cloudfunctions.functions.create","cloudfunctions.functions.delete","cloudfunctions.functions.get","cloudfunctions.functions.list","cloudfunctions.functions.update","cloudfunctions.operations.get","firebase.projects.get","firebasehosting.sites.update"]}
[debug] [2020-08-07T22:07:06.182Z] <<< HTTP RESPONSE 200 {"content-type":"application/json; charset=UTF-8","vary":"X-Origin, Referer, Origin,Accept-Encoding","date":"Fri, 07 Aug 2020 22:07:06 GMT","server":"ESF","cache-control":"private","x-xss-protection":"0","x-frame-options":"SAMEORIGIN","x-content-type-options":"nosniff","server-timing":"gfet4t7; dur=140","alt-svc":"h3-29=\":443\"; ma=2592000,h3-27=\":443\"; ma=2592000,h3-T050=\":443\"; ma=2592000,h3-Q050=\":443\"; ma=2592000,h3-Q046=\":443\"; ma=2592000,h3-Q043=\":443\"; ma=2592000,quic=\":443\"; ma=2592000; v=\"46,43\"","accept-ranges":"none","transfer-encoding":"chunked"}
[debug] [2020-08-07T22:07:06.183Z] >>> HTTP REQUEST GET https://firebase.googleapis.com/v1beta1/projects/letter-writing-app  
 
[debug] [2020-08-07T22:07:06.452Z] <<< HTTP RESPONSE 200 {"content-type":"application/json; charset=UTF-8","vary":"X-Origin, Referer, Origin,Accept-Encoding","date":"Fri, 07 Aug 2020 22:07:06 GMT","server":"ESF","cache-control":"private","x-xss-protection":"0","x-frame-options":"SAMEORIGIN","x-content-type-options":"nosniff","alt-svc":"h3-29=\":443\"; ma=2592000,h3-27=\":443\"; ma=2592000,h3-T050=\":443\"; ma=2592000,h3-Q050=\":443\"; ma=2592000,h3-Q046=\":443\"; ma=2592000,h3-Q043=\":443\"; ma=2592000,quic=\":443\"; ma=2592000; v=\"46,43\"","accept-ranges":"none","transfer-encoding":"chunked"}
